Determining if the pthread_create exist failed with the following output:
Change Dir: /mnt/d/计算机系统软件(2)/fd/Release/CMakeFiles/CMakeTmp

Run Build Command:"/usr/bin/make" "cmTC_e9c05/fast"
/usr/bin/make -f CMakeFiles/cmTC_e9c05.dir/build.make CMakeFiles/cmTC_e9c05.dir/build
make[1]: Entering directory '/mnt/d/计算机系统软件(2)/fd/Release/CMakeFiles/CMakeTmp'
Building C object CMakeFiles/cmTC_e9c05.dir/CheckSymbolExists.c.o
/usr/bin/cc     -o CMakeFiles/cmTC_e9c05.dir/CheckSymbolExists.c.o   -c "/mnt/d/计算机系统软件(2)/fd/Release/CMakeFiles/CMakeTmp/CheckSymbolExists.c"
Linking C executable cmTC_e9c05
/usr/bin/cmake -E cmake_link_script CMakeFiles/cmTC_e9c05.dir/link.txt --verbose=1
/usr/bin/cc       CMakeFiles/cmTC_e9c05.dir/CheckSymbolExists.c.o  -o cmTC_e9c05 
CMakeFiles/cmTC_e9c05.dir/CheckSymbolExists.c.o: In function `main':
CheckSymbolExists.c:(.text+0x16): undefined reference to `pthread_create'
collect2: error: ld returned 1 exit status
CMakeFiles/cmTC_e9c05.dir/build.make:97: recipe for target 'cmTC_e9c05' failed
make[1]: *** [cmTC_e9c05] Error 1
make[1]: Leaving directory '/mnt/d/计算机系统软件(2)/fd/Release/CMakeFiles/CMakeTmp'
Makefile:126: recipe for target 'cmTC_e9c05/fast' failed
make: *** [cmTC_e9c05/fast] Error 2

File /mnt/d/计算机系统软件(2)/fd/Release/CMakeFiles/CMakeTmp/CheckSymbolExists.c:
/* */
#include <pthread.h>

int main(int argc, char** argv)
{
  (void)argv;
#ifndef pthread_create
  return ((int*)(&pthread_create))[argc];
#else
  (void)argc;
  return 0;
#endif
}

Determining if the function pthread_create exists in the pthreads failed with the following output:
Change Dir: /mnt/d/计算机系统软件(2)/fd/Release/CMakeFiles/CMakeTmp

Run Build Command:"/usr/bin/make" "cmTC_81ded/fast"
/usr/bin/make -f CMakeFiles/cmTC_81ded.dir/build.make CMakeFiles/cmTC_81ded.dir/build
make[1]: Entering directory '/mnt/d/计算机系统软件(2)/fd/Release/CMakeFiles/CMakeTmp'
Building C object CMakeFiles/cmTC_81ded.dir/CheckFunctionExists.c.o
/usr/bin/cc    -DCHECK_FUNCTION_EXISTS=pthread_create   -o CMakeFiles/cmTC_81ded.dir/CheckFunctionExists.c.o   -c /usr/share/cmake-3.5/Modules/CheckFunctionExists.c
Linking C executable cmTC_81ded
/usr/bin/cmake -E cmake_link_script CMakeFiles/cmTC_81ded.dir/link.txt --verbose=1
/usr/bin/cc   -DCHECK_FUNCTION_EXISTS=pthread_create    CMakeFiles/cmTC_81ded.dir/CheckFunctionExists.c.o  -o cmTC_81ded -lpthreads 
/usr/bin/ld: cannot find -lpthreads
collect2: error: ld returned 1 exit status
CMakeFiles/cmTC_81ded.dir/build.make:97: recipe for target 'cmTC_81ded' failed
make[1]: *** [cmTC_81ded] Error 1
make[1]: Leaving directory '/mnt/d/计算机系统软件(2)/fd/Release/CMakeFiles/CMakeTmp'
Makefile:126: recipe for target 'cmTC_81ded/fast' failed
make: *** [cmTC_81ded/fast] Error 2


